	Babylon.js Exporter version: 1.6.2, Blender version: 2.73 (sub 0)
========= Conversion from Blender to Babylon.js =========
	Python World class constructor completed
	processing begun of material:  rocket.Material.001
	processing begun of material:  rocket.Material.002
	processing begun of material:  rocket.Material.003
	processing begun of material:  rocket.Material.004
	processing begun of mesh:  Engine
		num positions      :  224
		num normals        :  224
		num uvs            :  0
		num uvs2           :  0
		num colors         :  0
		num indices        :  1332
	processing begun of mesh:  Stage
		num positions      :  64
		num normals        :  64
		num uvs            :  0
		num uvs2           :  0
		num colors         :  0
		num indices        :  372
	processing begun of mesh:  Capsule
		num positions      :  33
		num normals        :  33
		num uvs            :  0
		num uvs2           :  0
		num colors         :  0
		num indices        :  186
	processing begun of camera (FreeCamera):  Camera
	processing begun of light (POINT):  Lamp
========= Writing of scene file started =========
========= Writing of scene file completed =========
========= end of processing =========
